2018-12-20 10:07:59 F:\zhy\development\verify_v2.04\libs\view_params_deal.py [line:1039] [{'test_descript': 'test', 'method': 'post_json', 'infa_name': '接口', 'URL': 'http://127.0.0.1:5000/user/httpbin', 'id': 1, 'example_json_params': '{"pro_uuid":"{pro_uuid}"}', 'except_descript': 'pro_uuid:8ec27d3b-db28-49ac-b1ce-16dee1844f4d', 'test_params': 'pro_uuid:8ec27d3b-db28-49ac-b1ce-16dee1844f4d'}, {'test_descript': 'test', 'method': 'post_json', 'infa_name': '接口', 'URL': 'http://127.0.0.1:5000/user/httpbinitem/12?name={name}&age={age}', 'id': 2, 'example_json_params': '{"pro_uuid":"{pro_uuid}"}', 'except_descript': 'pro_uuid:8ec27d3b-db28-49ac-b1ce-16dee1844f4d;name:xiaomin;age:80', 'test_params': 'pro_uuid:8ec27d3b-db28-49ac-b1ce-16dee1844f4d;name:xiaomin;age:80'}, {'test_descript': 'test', 'method': 'post_json', 'infa_name': '接口', 'URL': 'http://127.0.0.1:5000/user/httpbinitem/{item}?age={age}', 'id': 3, 'example_json_params': '{"pro_uuid":"{pro_uuid}","name":"{name}"}', 'except_descript': 'pro_uuid:8ec27d3b-db28-49ac-b1ce-16dee1844f4d;name:小明;age:80', 'test_params': 'pro_uuid:8ec27d3b-db28-49ac-b1ce-16dee1844f4d;name:小明;age:80;item:10'}]
2018-12-20 10:07:59 F:\zhy\development\verify_v2.04\libs\view_params_deal.py [line:845] pro_uuid:8ec27d3b-db28-49ac-b1ce-16dee1844f4d
2018-12-20 10:07:59 F:\zhy\development\verify_v2.04\libs\view_params_deal.py [line:40] pro_uuid:8ec27d3b-db28-49ac-b1ce-16dee1844f4d
2018-12-20 10:07:59 F:\zhy\development\env_work\lib\site-packages\flask\app.py [line:1761] Exception on /user/api/push_v1 [POST]
Traceback (most recent call last):
  File "F:\zhy\development\env_work\lib\site-packages\flask\app.py", line 2292, in wsgi_app
    response = self.full_dispatch_request()
  File "F:\zhy\development\env_work\lib\site-packages\flask\app.py", line 1815, in full_dispatch_request
    rv = self.handle_user_exception(e)
  File "F:\zhy\development\env_work\lib\site-packages\flask\app.py", line 1718, in handle_user_exception
    reraise(exc_type, exc_value, tb)
  File "F:\zhy\development\env_work\lib\site-packages\flask\_compat.py", line 35, in reraise
    raise value
  File "F:\zhy\development\env_work\lib\site-packages\flask\app.py", line 1813, in full_dispatch_request
    rv = self.dispatch_request()
  File "F:\zhy\development\env_work\lib\site-packages\flask\app.py", line 1799, in dispatch_request
    return self.view_functions[rule.endpoint](**req.view_args)
  File "F:\zhy\development\verify_v2.04\App\user_views.py", line 307, in Interfaceautomation_v1
    receive_data_to_db=TestParamsDeal().testparamsdeal()
  File "F:\zhy\development\verify_v2.04\libs\view_params_deal.py", line 849, in testparamsdeal
    example_json_params_str=test_param_list["example_json_params"])
  File "F:\zhy\development\verify_v2.04\libs\view_params_deal.py", line 41, in url_deal_v1
    params_name_value_dict=self.test_params_deal(test_params=test_params)
  File "F:\zhy\development\verify_v2.04\libs\view_params_deal.py", line 165, in test_params_deal
    test_params_list_dict=GETCompatibility().semicolon_colon_exists(test_params)
  File "F:\zhy\development\verify_v2.04\libs\compatibility.py", line 30, in semicolon_colon_exists
    test_param_lists = test_params_list.split(':')
AttributeError: 'list' object has no attribute 'split'
2018-12-20 10:07:59 F:\zhy\development\env_work\lib\site-packages\werkzeug\_internal.py [line:88] 127.0.0.1 - - [20/Dec/2018 10:07:59] "POST /user/api/push_v1 HTTP/1.1" 500 -
2018-12-20 10:12:52 F:\zhy\development\env_work\lib\site-packages\werkzeug\_internal.py [line:88]  * Running on http://127.0.0.1:5000/ (Press CTRL+C to quit)
2018-12-20 14:05:46 F:\zhy\development\env_work\lib\site-packages\werkzeug\_internal.py [line:88]  * Running on http://127.0.0.1:5000/ (Press CTRL+C to quit)
2018-12-20 14:06:04 F:\zhy\development\verify_v2.04\libs\view_params_deal.py [line:831] {'project_version': 'V0.1', 'project_name': 'httpbin', 'test_param': [{'URL': 'http://127.0.0.1:5000/user/httpbin', 'test_descript': 'test', 'id': 1, 'method': 'post_json', 'infa_name': '接口', 'example_json_params': '{"pro_uuid":"{pro_uuid}"}', 'test_params': 'pro_uuid:8ec27d3b-db28-49ac-b1ce-16dee1844f4d', 'except_descript': 'pro_uuid:8ec27d3b-db28-49ac-b1ce-16dee1844f4d'}, {'URL': 'http://127.0.0.1:5000/user/httpbinitem/12?name={name}&age={age}', 'test_descript': 'test', 'id': 2, 'method': 'post_json', 'infa_name': '接口', 'example_json_params': '{"pro_uuid":"{pro_uuid}"}', 'test_params': 'pro_uuid:8ec27d3b-db28-49ac-b1ce-16dee1844f4d;name:xiaomin;age:80', 'except_descript': 'pro_uuid:8ec27d3b-db28-49ac-b1ce-16dee1844f4d;name:xiaomin;age:80'}, {'URL': 'http://127.0.0.1:5000/user/httpbinitem/{item}?age={age}', 'test_descript': 'test', 'id': 3, 'method': 'post_json', 'infa_name': '接口', 'example_json_params': '{"pro_uuid":"{pro_uuid}","name":"{name}"}', 'test_params': 'pro_uuid:8ec27d3b-db28-49ac-b1ce-16dee1844f4d;name:小明;age:80;item:10', 'except_descript': 'pro_uuid:8ec27d3b-db28-49ac-b1ce-16dee1844f4d;name:小明;age:80'}]}
2018-12-20 14:06:04 F:\zhy\development\verify_v2.04\libs\view_params_deal.py [line:1039] [{'URL': 'http://127.0.0.1:5000/user/httpbin', 'test_descript': 'test', 'id': 1, 'method': 'post_json', 'infa_name': '接口', 'example_json_params': '{"pro_uuid":"{pro_uuid}"}', 'test_params': 'pro_uuid:8ec27d3b-db28-49ac-b1ce-16dee1844f4d', 'except_descript': 'pro_uuid:8ec27d3b-db28-49ac-b1ce-16dee1844f4d'}, {'URL': 'http://127.0.0.1:5000/user/httpbinitem/12?name={name}&age={age}', 'test_descript': 'test', 'id': 2, 'method': 'post_json', 'infa_name': '接口', 'example_json_params': '{"pro_uuid":"{pro_uuid}"}', 'test_params': 'pro_uuid:8ec27d3b-db28-49ac-b1ce-16dee1844f4d;name:xiaomin;age:80', 'except_descript': 'pro_uuid:8ec27d3b-db28-49ac-b1ce-16dee1844f4d;name:xiaomin;age:80'}, {'URL': 'http://127.0.0.1:5000/user/httpbinitem/{item}?age={age}', 'test_descript': 'test', 'id': 3, 'method': 'post_json', 'infa_name': '接口', 'example_json_params': '{"pro_uuid":"{pro_uuid}","name":"{name}"}', 'test_params': 'pro_uuid:8ec27d3b-db28-49ac-b1ce-16dee1844f4d;name:小明;age:80;item:10', 'except_descript': 'pro_uuid:8ec27d3b-db28-49ac-b1ce-16dee1844f4d;name:小明;age:80'}]
2018-12-20 14:06:04 F:\zhy\development\verify_v2.04\libs\view_params_deal.py [line:845] pro_uuid:8ec27d3b-db28-49ac-b1ce-16dee1844f4d
2018-12-20 14:06:04 F:\zhy\development\verify_v2.04\libs\view_params_deal.py [line:40] pro_uuid:8ec27d3b-db28-49ac-b1ce-16dee1844f4d
2018-12-20 14:06:04 F:\zhy\development\verify_v2.04\libs\compatibility.py [line:31] ['pro_uuid', '8ec27d3b-db28-49ac-b1ce-16dee1844f4d']
2018-12-20 14:06:04 F:\zhy\development\verify_v2.04\libs\view_params_deal.py [line:168] [['pro_uuid'], ['8ec27d3b-db28-49ac-b1ce-16dee1844f4d']]
2018-12-20 14:06:04 F:\zhy\development\verify_v2.04\libs\view_params_deal.py [line:46] [['pro_uuid'], ['8ec27d3b-db28-49ac-b1ce-16dee1844f4d']]
2018-12-20 14:06:04 F:\zhy\development\verify_v2.04\libs\view_params_deal.py [line:322] {"pro_uuid":"{pro_uuid}"}
2018-12-20 14:06:04 F:\zhy\development\verify_v2.04\libs\view_params_deal.py [line:1270] {pro_uuid}
2018-12-20 14:06:04 F:\zhy\development\verify_v2.04\libs\view_params_deal.py [line:1272] key_dict in str_data
2018-12-20 14:06:04 F:\zhy\development\verify_v2.04\libs\view_params_deal.py [line:1274] {"pro_uuid":"8ec27d3b-db28-49ac-b1ce-16dee1844f4d"}
2018-12-20 14:06:04 F:\zhy\development\verify_v2.04\libs\view_params_deal.py [line:850] {'code': 1, 'desc': ['http://127.0.0.1:5000/user/httpbin', {'pro_uuid': '8ec27d3b-db28-49ac-b1ce-16dee1844f4d'}, 'post_json'], 'Msg': 'Suc', 'ErroCode': None}
2018-12-20 14:06:04 F:\zhy\development\verify_v2.04\libs\compatibility.py [line:31] ['pro_uuid', '8ec27d3b-db28-49ac-b1ce-16dee1844f4d']
2018-12-20 14:06:04 F:\zhy\development\verify_v2.04\libs\view_params_deal.py [line:658] {'code': 1, 'desc': ['http://127.0.0.1:5000/user/httpbin', {'pro_uuid': '8ec27d3b-db28-49ac-b1ce-16dee1844f4d'}, 'post_json'], 'Msg': 'Suc', 'ErroCode': None}
2018-12-20 14:06:04 F:\zhy\development\env_work\lib\site-packages\urllib3\connectionpool.py [line:205] Starting new HTTP connection (1): 127.0.0.1:5000
2018-12-20 14:06:04 F:\zhy\development\env_work\lib\site-packages\werkzeug\_internal.py [line:88] 127.0.0.1 - - [20/Dec/2018 14:06:04] "POST /user/httpbin HTTP/1.1" 200 -
2018-12-20 14:06:04 F:\zhy\development\env_work\lib\site-packages\urllib3\connectionpool.py [line:393] http://127.0.0.1:5000 "POST /user/httpbin HTTP/1.1" 200 104
2018-12-20 14:06:04 F:\zhy\development\verify_v2.04\libs\view_params_deal.py [line:701] {"pro_uuid": "8ec27d3b-db28-49ac-b1ce-16dee1844f4d"}
2018-12-20 14:06:04 F:\zhy\development\verify_v2.04\libs\view_params_deal.py [line:706] {"args":"","code":100,"form":"","json":{"pro_uuid":"8ec27d3b-db28-49ac-b1ce-16dee1844f4d"},"msg":"suc"}

2018-12-20 14:06:04 F:\zhy\development\verify_v2.04\libs\view_params_deal.py [line:222] {"args":"","code":100,"form":"","json":{"pro_uuid":"8ec27d3b-db28-49ac-b1ce-16dee1844f4d"},"msg":"suc"}

2018-12-20 14:06:04 F:\zhy\development\verify_v2.04\libs\view_params_deal.py [line:223] {'pro_uuid': '8ec27d3b-db28-49ac-b1ce-16dee1844f4d'}
2018-12-20 14:06:04 F:\zhy\development\verify_v2.04\libs\view_params_deal.py [line:228] pro_uuid
2018-12-20 14:06:04 F:\zhy\development\verify_v2.04\libs\view_params_deal.py [line:292] {'pro_uuid': '8ec27d3b-db28-49ac-b1ce-16dee1844f4d'}
2018-12-20 14:06:04 F:\zhy\development\verify_v2.04\libs\view_params_deal.py [line:711] {"args":"","code":100,"form":"","json":{"pro_uuid":"8ec27d3b-db28-49ac-b1ce-16dee1844f4d"},"msg":"suc"}

2018-12-20 14:06:04 F:\zhy\development\verify_v2.04\libs\view_params_deal.py [line:712] {'pro_uuid': '8ec27d3b-db28-49ac-b1ce-16dee1844f4d'}
2018-12-20 14:06:04 F:\zhy\development\verify_v2.04\libs\view_params_deal.py [line:862] {'code': 1, 'desc': {'pro_uuid': '8ec27d3b-db28-49ac-b1ce-16dee1844f4d'}, 'Msg': 'Suc', 'ErroCode': None}
2018-12-20 14:06:04 F:\zhy\development\verify_v2.04\libs\view_params_deal.py [line:722] {'pro_uuid': '8ec27d3b-db28-49ac-b1ce-16dee1844f4d'}
2018-12-20 14:06:04 F:\zhy\development\verify_v2.04\libs\view_params_deal.py [line:727] [{'pro_uuid': '8ec27d3b-db28-49ac-b1ce-16dee1844f4d'}, ['pro_uuid'], {}]
2018-12-20 14:06:04 F:\zhy\development\verify_v2.04\libs\view_params_deal.py [line:1312] <class 'str'>
2018-12-20 14:06:04 F:\zhy\development\verify_v2.04\libs\view_params_deal.py [line:1313] <class 'str'>
2018-12-20 14:06:04 F:\zhy\development\verify_v2.04\libs\view_params_deal.py [line:817] [{'code': 1, 'pro': 'pro_uuid', 'msg': 'suc'}]
2018-12-20 14:06:04 F:\zhy\development\verify_v2.04\libs\view_params_deal.py [line:864] {'code': 1, 'desc': [[{'code': 1, 'pro': 'pro_uuid', 'msg': 'suc'}], datetime.datetime(2018, 12, 20, 14, 6, 4, 865191)], 'Msg': 'Suc', 'ErroCode': None}
2018-12-20 14:06:04 F:\zhy\development\verify_v2.04\libs\view_params_deal.py [line:871] {'code': 1, 'desc': [[], 'pass'], 'Msg': 'Suc', 'ErroCode': None}
2018-12-20 14:06:04 F:\zhy\development\verify_v2.04\libs\view_params_deal.py [line:893] ['"639350e7-5226-444a-b2ba-139fe7211453"', 'httpbin', 'V0.1', 1, '接口', 'post_json', 'http://127.0.0.1:5000/user/httpbin', 'test', 'pro_uuid:8ec27d3b-db28-49ac-b1ce-16dee1844f4d', 'pro_uuid:8ec27d3b-db28-49ac-b1ce-16dee1844f4d', '"{\\"pro_uuid\\":\\"{pro_uuid}\\"}"', '{"ErroCode": null, "Msg": "Suc", "code": 1, "desc": {"pro_uuid": "8ec27d3b-db28-49ac-b1ce-16dee1844f4d"}}', 'pass', '[]', datetime.datetime(2018, 12, 20, 14, 6, 4, 865191)]
2018-12-20 14:06:07 F:\zhy\development\verify_v2.04\libs\view_params_deal.py [line:895] ['"639350e7-5226-444a-b2ba-139fe7211453"', 'httpbin', 'V0.1', 1, '接口', 'post_json', 'http://127.0.0.1:5000/user/httpbin', 'test', 'pro_uuid:8ec27d3b-db28-49ac-b1ce-16dee1844f4d', 'pro_uuid:8ec27d3b-db28-49ac-b1ce-16dee1844f4d', '"{\\"pro_uuid\\":\\"{pro_uuid}\\"}"', '{"ErroCode": null, "Msg": "Suc", "code": 1, "desc": {"pro_uuid": "8ec27d3b-db28-49ac-b1ce-16dee1844f4d"}}', 'pass', '[]', datetime.datetime(2018, 12, 20, 14, 6, 4, 865191)]
2018-12-20 14:06:07 F:\zhy\development\verify_v2.04\libs\view_params_deal.py [line:845] pro_uuid:8ec27d3b-db28-49ac-b1ce-16dee1844f4d;name:xiaomin;age:80
2018-12-20 14:06:07 F:\zhy\development\verify_v2.04\libs\view_params_deal.py [line:40] pro_uuid:8ec27d3b-db28-49ac-b1ce-16dee1844f4d;name:xiaomin;age:80
2018-12-20 14:06:07 F:\zhy\development\verify_v2.04\libs\compatibility.py [line:23] ['pro_uuid', '8ec27d3b-db28-49ac-b1ce-16dee1844f4d']
2018-12-20 14:06:07 F:\zhy\development\verify_v2.04\libs\compatibility.py [line:23] ['name', 'xiaomin']
2018-12-20 14:06:07 F:\zhy\development\verify_v2.04\libs\compatibility.py [line:23] ['age', '80']
2018-12-20 14:06:07 F:\zhy\development\verify_v2.04\libs\view_params_deal.py [line:168] [['pro_uuid', 'name', 'age'], ['8ec27d3b-db28-49ac-b1ce-16dee1844f4d', 'xiaomin', '80']]
2018-12-20 14:06:07 F:\zhy\development\verify_v2.04\libs\view_params_deal.py [line:46] [['pro_uuid', 'name', 'age'], ['8ec27d3b-db28-49ac-b1ce-16dee1844f4d', 'xiaomin', '80']]
2018-12-20 14:06:07 F:\zhy\development\verify_v2.04\libs\view_params_deal.py [line:59] ['name', 'age']
2018-12-20 14:06:07 F:\zhy\development\verify_v2.04\libs\view_params_deal.py [line:1270] {name}
2018-12-20 14:06:07 F:\zhy\development\verify_v2.04\libs\view_params_deal.py [line:1272] key_dict in str_data
2018-12-20 14:06:07 F:\zhy\development\verify_v2.04\libs\view_params_deal.py [line:1274] http://127.0.0.1:5000/user/httpbinitem/12?name=xiaomin&age={age}
2018-12-20 14:06:07 F:\zhy\development\verify_v2.04\libs\view_params_deal.py [line:1270] {age}
2018-12-20 14:06:07 F:\zhy\development\verify_v2.04\libs\view_params_deal.py [line:1272] key_dict in str_data
2018-12-20 14:06:07 F:\zhy\development\verify_v2.04\libs\view_params_deal.py [line:1274] http://127.0.0.1:5000/user/httpbinitem/12?name=xiaomin&age=80
2018-12-20 14:06:07 F:\zhy\development\verify_v2.04\libs\view_params_deal.py [line:74] http://127.0.0.1:5000/user/httpbinitem/12?name=xiaomin&age=80
2018-12-20 14:06:07 F:\zhy\development\verify_v2.04\libs\view_params_deal.py [line:322] {"pro_uuid":"{pro_uuid}"}
2018-12-20 14:06:07 F:\zhy\development\verify_v2.04\libs\view_params_deal.py [line:1270] {pro_uuid}
2018-12-20 14:06:07 F:\zhy\development\verify_v2.04\libs\view_params_deal.py [line:1272] key_dict in str_data
2018-12-20 14:06:07 F:\zhy\development\verify_v2.04\libs\view_params_deal.py [line:1274] {"pro_uuid":"8ec27d3b-db28-49ac-b1ce-16dee1844f4d"}
2018-12-20 14:06:07 F:\zhy\development\verify_v2.04\libs\view_params_deal.py [line:850] {'code': 1, 'desc': ['http://127.0.0.1:5000/user/httpbinitem/12?name=xiaomin&age=80', {'pro_uuid': '8ec27d3b-db28-49ac-b1ce-16dee1844f4d'}, 'post_json'], 'Msg': 'Suc', 'ErroCode': None}
2018-12-20 14:06:07 F:\zhy\development\verify_v2.04\libs\compatibility.py [line:23] ['pro_uuid', '8ec27d3b-db28-49ac-b1ce-16dee1844f4d']
2018-12-20 14:06:07 F:\zhy\development\verify_v2.04\libs\compatibility.py [line:23] ['name', 'xiaomin']
2018-12-20 14:06:07 F:\zhy\development\verify_v2.04\libs\compatibility.py [line:23] ['age', '80']
2018-12-20 14:06:07 F:\zhy\development\verify_v2.04\libs\view_params_deal.py [line:658] {'code': 1, 'desc': ['http://127.0.0.1:5000/user/httpbinitem/12?name=xiaomin&age=80', {'pro_uuid': '8ec27d3b-db28-49ac-b1ce-16dee1844f4d'}, 'post_json'], 'Msg': 'Suc', 'ErroCode': None}
2018-12-20 14:06:07 F:\zhy\development\env_work\lib\site-packages\urllib3\connectionpool.py [line:205] Starting new HTTP connection (1): 127.0.0.1:5000
2018-12-20 14:06:07 F:\zhy\development\verify_v2.04\App\user_views.py [line:52] 12
2018-12-20 14:06:07 F:\zhy\development\env_work\lib\site-packages\werkzeug\_internal.py [line:88] 127.0.0.1 - - [20/Dec/2018 14:06:07] "POST /user/httpbinitem/12?name=xiaomin&age=80 HTTP/1.1" 200 -
2018-12-20 14:06:07 F:\zhy\development\env_work\lib\site-packages\urllib3\connectionpool.py [line:393] http://127.0.0.1:5000 "POST /user/httpbinitem/12?name=xiaomin&age=80 HTTP/1.1" 200 154
2018-12-20 14:06:07 F:\zhy\development\verify_v2.04\libs\view_params_deal.py [line:701] {"pro_uuid": "8ec27d3b-db28-49ac-b1ce-16dee1844f4d"}
2018-12-20 14:06:07 F:\zhy\development\verify_v2.04\libs\view_params_deal.py [line:706] {"item":"12","result":{"args":{"age":"80","name":"xiaomin"},"code":100,"form":"","json":{"pro_uuid":"8ec27d3b-db28-49ac-b1ce-16dee1844f4d"},"msg":"suc"}}

2018-12-20 14:06:07 F:\zhy\development\verify_v2.04\libs\view_params_deal.py [line:222] {"item":"12","result":{"args":{"age":"80","name":"xiaomin"},"code":100,"form":"","json":{"pro_uuid":"8ec27d3b-db28-49ac-b1ce-16dee1844f4d"},"msg":"suc"}}

2018-12-20 14:06:07 F:\zhy\development\verify_v2.04\libs\view_params_deal.py [line:223] {'name': 'xiaomin', 'age': '80', 'pro_uuid': '8ec27d3b-db28-49ac-b1ce-16dee1844f4d'}
2018-12-20 14:06:07 F:\zhy\development\verify_v2.04\libs\view_params_deal.py [line:228] name
2018-12-20 14:06:07 F:\zhy\development\verify_v2.04\libs\view_params_deal.py [line:228] age
2018-12-20 14:06:07 F:\zhy\development\verify_v2.04\libs\view_params_deal.py [line:228] pro_uuid
2018-12-20 14:06:07 F:\zhy\development\verify_v2.04\libs\view_params_deal.py [line:292] {'name': 'xiaomin', 'age': '80', 'pro_uuid': '8ec27d3b-db28-49ac-b1ce-16dee1844f4d'}
2018-12-20 14:06:07 F:\zhy\development\verify_v2.04\libs\view_params_deal.py [line:711] {"item":"12","result":{"args":{"age":"80","name":"xiaomin"},"code":100,"form":"","json":{"pro_uuid":"8ec27d3b-db28-49ac-b1ce-16dee1844f4d"},"msg":"suc"}}

2018-12-20 14:06:07 F:\zhy\development\verify_v2.04\libs\view_params_deal.py [line:712] {'name': 'xiaomin', 'age': '80', 'pro_uuid': '8ec27d3b-db28-49ac-b1ce-16dee1844f4d'}
2018-12-20 14:06:07 F:\zhy\development\verify_v2.04\libs\view_params_deal.py [line:862] {'code': 1, 'desc': {'name': 'xiaomin', 'age': '80', 'pro_uuid': '8ec27d3b-db28-49ac-b1ce-16dee1844f4d'}, 'Msg': 'Suc', 'ErroCode': None}
2018-12-20 14:06:07 F:\zhy\development\verify_v2.04\libs\view_params_deal.py [line:722] {'name': 'xiaomin', 'age': '80', 'pro_uuid': '8ec27d3b-db28-49ac-b1ce-16dee1844f4d'}
2018-12-20 14:06:07 F:\zhy\development\verify_v2.04\libs\view_params_deal.py [line:727] [{'name': 'xiaomin', 'age': '80', 'pro_uuid': '8ec27d3b-db28-49ac-b1ce-16dee1844f4d'}, ['pro_uuid', 'name', 'age'], {}]
2018-12-20 14:06:07 F:\zhy\development\verify_v2.04\libs\view_params_deal.py [line:1312] <class 'str'>
2018-12-20 14:06:07 F:\zhy\development\verify_v2.04\libs\view_params_deal.py [line:1313] <class 'str'>
2018-12-20 14:06:07 F:\zhy\development\verify_v2.04\libs\view_params_deal.py [line:1312] <class 'str'>
2018-12-20 14:06:07 F:\zhy\development\verify_v2.04\libs\view_params_deal.py [line:1313] <class 'str'>
2018-12-20 14:06:07 F:\zhy\development\verify_v2.04\libs\view_params_deal.py [line:1312] <class 'str'>
2018-12-20 14:06:07 F:\zhy\development\verify_v2.04\libs\view_params_deal.py [line:1313] <class 'str'>
2018-12-20 14:06:07 F:\zhy\development\verify_v2.04\libs\view_params_deal.py [line:817] [{'code': 1, 'pro': 'pro_uuid', 'msg': 'suc'}, {'code': 1, 'pro': 'name', 'msg': 'suc'}, {'code': 1, 'pro': 'age', 'msg': 'suc'}]
2018-12-20 14:06:07 F:\zhy\development\verify_v2.04\libs\view_params_deal.py [line:864] {'code': 1, 'desc': [[{'code': 1, 'pro': 'pro_uuid', 'msg': 'suc'}, {'code': 1, 'pro': 'name', 'msg': 'suc'}, {'code': 1, 'pro': 'age', 'msg': 'suc'}], datetime.datetime(2018, 12, 20, 14, 6, 7, 370729)], 'Msg': 'Suc', 'ErroCode': None}
2018-12-20 14:06:07 F:\zhy\development\verify_v2.04\libs\view_params_deal.py [line:871] {'code': 1, 'desc': [[], 'pass'], 'Msg': 'Suc', 'ErroCode': None}
2018-12-20 14:06:07 F:\zhy\development\verify_v2.04\libs\view_params_deal.py [line:893] ['"639350e7-5226-444a-b2ba-139fe7211453"', 'httpbin', 'V0.1', 2, '接口', 'post_json', 'http://127.0.0.1:5000/user/httpbinitem/12?name={name}&age={age}', 'test', 'pro_uuid:8ec27d3b-db28-49ac-b1ce-16dee1844f4d;name:xiaomin;age:80', 'pro_uuid:8ec27d3b-db28-49ac-b1ce-16dee1844f4d;name:xiaomin;age:80', '"{\\"pro_uuid\\":\\"{pro_uuid}\\"}"', '{"ErroCode": null, "Msg": "Suc", "code": 1, "desc": {"age": "80", "name": "xiaomin", "pro_uuid": "8ec27d3b-db28-49ac-b1ce-16dee1844f4d"}}', 'pass', '[]', datetime.datetime(2018, 12, 20, 14, 6, 7, 370729)]
2018-12-20 14:06:07 F:\zhy\development\verify_v2.04\libs\view_params_deal.py [line:895] ['"639350e7-5226-444a-b2ba-139fe7211453"', 'httpbin', 'V0.1', 2, '接口', 'post_json', 'http://127.0.0.1:5000/user/httpbinitem/12?name={name}&age={age}', 'test', 'pro_uuid:8ec27d3b-db28-49ac-b1ce-16dee1844f4d;name:xiaomin;age:80', 'pro_uuid:8ec27d3b-db28-49ac-b1ce-16dee1844f4d;name:xiaomin;age:80', '"{\\"pro_uuid\\":\\"{pro_uuid}\\"}"', '{"ErroCode": null, "Msg": "Suc", "code": 1, "desc": {"age": "80", "name": "xiaomin", "pro_uuid": "8ec27d3b-db28-49ac-b1ce-16dee1844f4d"}}', 'pass', '[]', datetime.datetime(2018, 12, 20, 14, 6, 7, 370729)]
2018-12-20 14:06:07 F:\zhy\development\verify_v2.04\libs\view_params_deal.py [line:845] pro_uuid:8ec27d3b-db28-49ac-b1ce-16dee1844f4d;name:小明;age:80;item:10
2018-12-20 14:06:07 F:\zhy\development\verify_v2.04\libs\view_params_deal.py [line:40] pro_uuid:8ec27d3b-db28-49ac-b1ce-16dee1844f4d;name:小明;age:80;item:10
2018-12-20 14:06:07 F:\zhy\development\verify_v2.04\libs\compatibility.py [line:23] ['pro_uuid', '8ec27d3b-db28-49ac-b1ce-16dee1844f4d']
2018-12-20 14:06:07 F:\zhy\development\verify_v2.04\libs\compatibility.py [line:23] ['name', '小明']
2018-12-20 14:06:07 F:\zhy\development\verify_v2.04\libs\compatibility.py [line:23] ['age', '80']
2018-12-20 14:06:07 F:\zhy\development\verify_v2.04\libs\compatibility.py [line:23] ['item', '10']
2018-12-20 14:06:07 F:\zhy\development\verify_v2.04\libs\view_params_deal.py [line:168] [['pro_uuid', 'name', 'age', 'item'], ['8ec27d3b-db28-49ac-b1ce-16dee1844f4d', '小明', '80', '10']]
2018-12-20 14:06:07 F:\zhy\development\verify_v2.04\libs\view_params_deal.py [line:46] [['pro_uuid', 'name', 'age', 'item'], ['8ec27d3b-db28-49ac-b1ce-16dee1844f4d', '小明', '80', '10']]
2018-12-20 14:06:07 F:\zhy\development\verify_v2.04\libs\view_params_deal.py [line:59] ['item', 'age']
2018-12-20 14:06:07 F:\zhy\development\verify_v2.04\libs\view_params_deal.py [line:1270] {item}
2018-12-20 14:06:07 F:\zhy\development\verify_v2.04\libs\view_params_deal.py [line:1272] key_dict in str_data
2018-12-20 14:06:07 F:\zhy\development\verify_v2.04\libs\view_params_deal.py [line:1274] http://127.0.0.1:5000/user/httpbinitem/10?age={age}
2018-12-20 14:06:07 F:\zhy\development\verify_v2.04\libs\view_params_deal.py [line:1270] {age}
2018-12-20 14:06:07 F:\zhy\development\verify_v2.04\libs\view_params_deal.py [line:1272] key_dict in str_data
2018-12-20 14:06:07 F:\zhy\development\verify_v2.04\libs\view_params_deal.py [line:1274] http://127.0.0.1:5000/user/httpbinitem/10?age=80
2018-12-20 14:06:07 F:\zhy\development\verify_v2.04\libs\view_params_deal.py [line:74] http://127.0.0.1:5000/user/httpbinitem/10?age=80
2018-12-20 14:06:07 F:\zhy\development\verify_v2.04\libs\view_params_deal.py [line:322] {"pro_uuid":"{pro_uuid}","name":"{name}"}
2018-12-20 14:06:07 F:\zhy\development\verify_v2.04\libs\view_params_deal.py [line:1270] {name}
2018-12-20 14:06:07 F:\zhy\development\verify_v2.04\libs\view_params_deal.py [line:1272] key_dict in str_data
2018-12-20 14:06:07 F:\zhy\development\verify_v2.04\libs\view_params_deal.py [line:1274] {"pro_uuid":"{pro_uuid}","name":"小明"}
2018-12-20 14:06:07 F:\zhy\development\verify_v2.04\libs\view_params_deal.py [line:1270] {pro_uuid}
2018-12-20 14:06:07 F:\zhy\development\verify_v2.04\libs\view_params_deal.py [line:1272] key_dict in str_data
2018-12-20 14:06:07 F:\zhy\development\verify_v2.04\libs\view_params_deal.py [line:1274] {"pro_uuid":"8ec27d3b-db28-49ac-b1ce-16dee1844f4d","name":"小明"}
2018-12-20 14:06:07 F:\zhy\development\verify_v2.04\libs\view_params_deal.py [line:850] {'code': 1, 'desc': ['http://127.0.0.1:5000/user/httpbinitem/10?age=80', {'name': '小明', 'pro_uuid': '8ec27d3b-db28-49ac-b1ce-16dee1844f4d'}, 'post_json'], 'Msg': 'Suc', 'ErroCode': None}
2018-12-20 14:06:07 F:\zhy\development\verify_v2.04\libs\compatibility.py [line:23] ['pro_uuid', '8ec27d3b-db28-49ac-b1ce-16dee1844f4d']
2018-12-20 14:06:07 F:\zhy\development\verify_v2.04\libs\compatibility.py [line:23] ['name', '小明']
2018-12-20 14:06:07 F:\zhy\development\verify_v2.04\libs\compatibility.py [line:23] ['age', '80']
2018-12-20 14:06:07 F:\zhy\development\verify_v2.04\libs\view_params_deal.py [line:658] {'code': 1, 'desc': ['http://127.0.0.1:5000/user/httpbinitem/10?age=80', {'name': '小明', 'pro_uuid': '8ec27d3b-db28-49ac-b1ce-16dee1844f4d'}, 'post_json'], 'Msg': 'Suc', 'ErroCode': None}
2018-12-20 14:06:07 F:\zhy\development\env_work\lib\site-packages\urllib3\connectionpool.py [line:205] Starting new HTTP connection (1): 127.0.0.1:5000
2018-12-20 14:06:07 F:\zhy\development\verify_v2.04\App\user_views.py [line:52] 10
2018-12-20 14:06:07 F:\zhy\development\env_work\lib\site-packages\werkzeug\_internal.py [line:88] 127.0.0.1 - - [20/Dec/2018 14:06:07] "POST /user/httpbinitem/10?age=80 HTTP/1.1" 200 -
2018-12-20 14:06:07 F:\zhy\development\env_work\lib\site-packages\urllib3\connectionpool.py [line:393] http://127.0.0.1:5000 "POST /user/httpbinitem/10?age=80 HTTP/1.1" 200 153
2018-12-20 14:06:07 F:\zhy\development\verify_v2.04\libs\view_params_deal.py [line:701] {"name": "小明", "pro_uuid": "8ec27d3b-db28-49ac-b1ce-16dee1844f4d"}
2018-12-20 14:06:07 F:\zhy\development\env_work\lib\site-packages\chardet\eucjpprober.py [line:62] EUC-JP Japanese prober hit error at byte 84
2018-12-20 14:06:07 F:\zhy\development\env_work\lib\site-packages\chardet\mbcharsetprober.py [line:66] EUC-KR Korean prober hit error at byte 82
2018-12-20 14:06:07 F:\zhy\development\env_work\lib\site-packages\chardet\mbcharsetprober.py [line:66] Big5 Chinese prober hit error at byte 82
2018-12-20 14:06:07 F:\zhy\development\env_work\lib\site-packages\chardet\mbcharsetprober.py [line:66] EUC-TW Taiwan prober hit error at byte 82
2018-12-20 14:06:07 F:\zhy\development\env_work\lib\site-packages\chardet\charsetgroupprober.py [line:100] utf-8  confidence = 0.7525
2018-12-20 14:06:07 F:\zhy\development\env_work\lib\site-packages\chardet\charsetgroupprober.py [line:100] SHIFT_JIS Japanese confidence = 0.01
2018-12-20 14:06:07 F:\zhy\development\env_work\lib\site-packages\chardet\charsetgroupprober.py [line:97] EUC-JP not active
2018-12-20 14:06:07 F:\zhy\development\env_work\lib\site-packages\chardet\charsetgroupprober.py [line:100] GB2312 Chinese confidence = 0.01
2018-12-20 14:06:07 F:\zhy\development\env_work\lib\site-packages\chardet\charsetgroupprober.py [line:97] EUC-KR not active
2018-12-20 14:06:07 F:\zhy\development\env_work\lib\site-packages\chardet\charsetgroupprober.py [line:100] CP949 Korean confidence = 0.01
2018-12-20 14:06:07 F:\zhy\development\env_work\lib\site-packages\chardet\charsetgroupprober.py [line:97] Big5 not active
2018-12-20 14:06:07 F:\zhy\development\env_work\lib\site-packages\chardet\charsetgroupprober.py [line:97] EUC-TW not active
2018-12-20 14:06:07 F:\zhy\development\env_work\lib\site-packages\chardet\charsetgroupprober.py [line:100] windows-1251 Russian confidence = 0.01
2018-12-20 14:06:07 F:\zhy\development\env_work\lib\site-packages\chardet\charsetgroupprober.py [line:100] KOI8-R Russian confidence = 0.01
2018-12-20 14:06:07 F:\zhy\development\env_work\lib\site-packages\chardet\charsetgroupprober.py [line:100] ISO-8859-5 Russian confidence = 0.0
2018-12-20 14:06:07 F:\zhy\development\env_work\lib\site-packages\chardet\charsetgroupprober.py [line:100] MacCyrillic Russian confidence = 0.0
2018-12-20 14:06:07 F:\zhy\development\env_work\lib\site-packages\chardet\charsetgroupprober.py [line:100] IBM866 Russian confidence = 0.0
2018-12-20 14:06:07 F:\zhy\development\env_work\lib\site-packages\chardet\charsetgroupprober.py [line:100] IBM855 Russian confidence = 0.01
2018-12-20 14:06:07 F:\zhy\development\env_work\lib\site-packages\chardet\charsetgroupprober.py [line:100] ISO-8859-7 Greek confidence = 0.01
2018-12-20 14:06:07 F:\zhy\development\env_work\lib\site-packages\chardet\charsetgroupprober.py [line:100] windows-1253 Greek confidence = 0.01
2018-12-20 14:06:07 F:\zhy\development\env_work\lib\site-packages\chardet\charsetgroupprober.py [line:100] ISO-8859-5 Bulgairan confidence = 0.0
2018-12-20 14:06:07 F:\zhy\development\env_work\lib\site-packages\chardet\charsetgroupprober.py [line:100] windows-1251 Bulgarian confidence = 0.01
2018-12-20 14:06:07 F:\zhy\development\env_work\lib\site-packages\chardet\charsetgroupprober.py [line:100] TIS-620 Thai confidence = 0.01
2018-12-20 14:06:07 F:\zhy\development\env_work\lib\site-packages\chardet\charsetgroupprober.py [line:100] ISO-8859-9 Turkish confidence = 0.44634927217029713
2018-12-20 14:06:07 F:\zhy\development\env_work\lib\site-packages\chardet\charsetgroupprober.py [line:100] windows-1255 Hebrew confidence = 0.0
2018-12-20 14:06:07 F:\zhy\development\env_work\lib\site-packages\chardet\charsetgroupprober.py [line:100] windows-1255 Hebrew confidence = 0.01
2018-12-20 14:06:07 F:\zhy\development\env_work\lib\site-packages\chardet\charsetgroupprober.py [line:100] windows-1255 Hebrew confidence = 0.01
2018-12-20 14:06:07 F:\zhy\development\env_work\lib\site-packages\chardet\charsetgroupprober.py [line:100] utf-8  confidence = 0.7525
2018-12-20 14:06:07 F:\zhy\development\env_work\lib\site-packages\chardet\charsetgroupprober.py [line:100] SHIFT_JIS Japanese confidence = 0.01
2018-12-20 14:06:07 F:\zhy\development\env_work\lib\site-packages\chardet\charsetgroupprober.py [line:97] EUC-JP not active
2018-12-20 14:06:07 F:\zhy\development\env_work\lib\site-packages\chardet\charsetgroupprober.py [line:100] GB2312 Chinese confidence = 0.01
2018-12-20 14:06:07 F:\zhy\development\env_work\lib\site-packages\chardet\charsetgroupprober.py [line:97] EUC-KR not active
2018-12-20 14:06:07 F:\zhy\development\env_work\lib\site-packages\chardet\charsetgroupprober.py [line:100] CP949 Korean confidence = 0.01
2018-12-20 14:06:07 F:\zhy\development\env_work\lib\site-packages\chardet\charsetgroupprober.py [line:97] Big5 not active
2018-12-20 14:06:07 F:\zhy\development\env_work\lib\site-packages\chardet\charsetgroupprober.py [line:97] EUC-TW not active
2018-12-20 14:06:07 F:\zhy\development\verify_v2.04\libs\view_params_deal.py [line:706] {"item":"10","result":{"args":{"age":"80"},"code":100,"form":"","json":{"name":"小明","pro_uuid":"8ec27d3b-db28-49ac-b1ce-16dee1844f4d"},"msg":"suc"}}

2018-12-20 14:06:07 F:\zhy\development\verify_v2.04\libs\view_params_deal.py [line:222] {"item":"10","result":{"args":{"age":"80"},"code":100,"form":"","json":{"name":"小明","pro_uuid":"8ec27d3b-db28-49ac-b1ce-16dee1844f4d"},"msg":"suc"}}

2018-12-20 14:06:07 F:\zhy\development\verify_v2.04\libs\view_params_deal.py [line:223] {'name': '小明', 'age': '80', 'pro_uuid': '8ec27d3b-db28-49ac-b1ce-16dee1844f4d'}
2018-12-20 14:06:07 F:\zhy\development\verify_v2.04\libs\view_params_deal.py [line:228] name
2018-12-20 14:06:07 F:\zhy\development\verify_v2.04\libs\view_params_deal.py [line:228] age
2018-12-20 14:06:07 F:\zhy\development\verify_v2.04\libs\view_params_deal.py [line:228] pro_uuid
2018-12-20 14:06:07 F:\zhy\development\verify_v2.04\libs\view_params_deal.py [line:292] {'name': '小明', 'age': '80', 'pro_uuid': '8ec27d3b-db28-49ac-b1ce-16dee1844f4d'}
2018-12-20 14:06:07 F:\zhy\development\verify_v2.04\libs\view_params_deal.py [line:711] {"item":"10","result":{"args":{"age":"80"},"code":100,"form":"","json":{"name":"小明","pro_uuid":"8ec27d3b-db28-49ac-b1ce-16dee1844f4d"},"msg":"suc"}}

2018-12-20 14:06:07 F:\zhy\development\verify_v2.04\libs\view_params_deal.py [line:712] {'name': '小明', 'age': '80', 'pro_uuid': '8ec27d3b-db28-49ac-b1ce-16dee1844f4d'}
2018-12-20 14:06:07 F:\zhy\development\verify_v2.04\libs\view_params_deal.py [line:862] {'code': 1, 'desc': {'name': '小明', 'age': '80', 'pro_uuid': '8ec27d3b-db28-49ac-b1ce-16dee1844f4d'}, 'Msg': 'Suc', 'ErroCode': None}
2018-12-20 14:06:07 F:\zhy\development\verify_v2.04\libs\view_params_deal.py [line:722] {'name': '小明', 'age': '80', 'pro_uuid': '8ec27d3b-db28-49ac-b1ce-16dee1844f4d'}
2018-12-20 14:06:07 F:\zhy\development\verify_v2.04\libs\view_params_deal.py [line:727] [{'name': '小明', 'age': '80', 'pro_uuid': '8ec27d3b-db28-49ac-b1ce-16dee1844f4d'}, ['pro_uuid', 'name', 'age'], {}]
2018-12-20 14:06:07 F:\zhy\development\verify_v2.04\libs\view_params_deal.py [line:1312] <class 'str'>
2018-12-20 14:06:07 F:\zhy\development\verify_v2.04\libs\view_params_deal.py [line:1313] <class 'str'>
2018-12-20 14:06:07 F:\zhy\development\verify_v2.04\libs\view_params_deal.py [line:1312] <class 'str'>
2018-12-20 14:06:07 F:\zhy\development\verify_v2.04\libs\view_params_deal.py [line:1313] <class 'str'>
2018-12-20 14:06:07 F:\zhy\development\verify_v2.04\libs\view_params_deal.py [line:1312] <class 'str'>
2018-12-20 14:06:07 F:\zhy\development\verify_v2.04\libs\view_params_deal.py [line:1313] <class 'str'>
2018-12-20 14:06:07 F:\zhy\development\verify_v2.04\libs\view_params_deal.py [line:817] [{'code': 1, 'pro': 'pro_uuid', 'msg': 'suc'}, {'code': 1, 'pro': 'name', 'msg': 'suc'}, {'code': 1, 'pro': 'age', 'msg': 'suc'}]
2018-12-20 14:06:07 F:\zhy\development\verify_v2.04\libs\view_params_deal.py [line:864] {'code': 1, 'desc': [[{'code': 1, 'pro': 'pro_uuid', 'msg': 'suc'}, {'code': 1, 'pro': 'name', 'msg': 'suc'}, {'code': 1, 'pro': 'age', 'msg': 'suc'}], datetime.datetime(2018, 12, 20, 14, 6, 7, 734500)], 'Msg': 'Suc', 'ErroCode': None}
2018-12-20 14:06:07 F:\zhy\development\verify_v2.04\libs\view_params_deal.py [line:871] {'code': 1, 'desc': [[], 'pass'], 'Msg': 'Suc', 'ErroCode': None}
2018-12-20 14:06:07 F:\zhy\development\verify_v2.04\libs\view_params_deal.py [line:893] ['"639350e7-5226-444a-b2ba-139fe7211453"', 'httpbin', 'V0.1', 3, '接口', 'post_json', 'http://127.0.0.1:5000/user/httpbinitem/{item}?age={age}', 'test', 'pro_uuid:8ec27d3b-db28-49ac-b1ce-16dee1844f4d;name:小明;age:80;item:10', 'pro_uuid:8ec27d3b-db28-49ac-b1ce-16dee1844f4d;name:小明;age:80', '"{\\"pro_uuid\\":\\"{pro_uuid}\\",\\"name\\":\\"{name}\\"}"', '{"ErroCode": null, "Msg": "Suc", "code": 1, "desc": {"age": "80", "name": "小明", "pro_uuid": "8ec27d3b-db28-49ac-b1ce-16dee1844f4d"}}', 'pass', '[]', datetime.datetime(2018, 12, 20, 14, 6, 7, 734500)]
2018-12-20 14:06:07 F:\zhy\development\verify_v2.04\libs\view_params_deal.py [line:895] ['"639350e7-5226-444a-b2ba-139fe7211453"', 'httpbin', 'V0.1', 3, '接口', 'post_json', 'http://127.0.0.1:5000/user/httpbinitem/{item}?age={age}', 'test', 'pro_uuid:8ec27d3b-db28-49ac-b1ce-16dee1844f4d;name:小明;age:80;item:10', 'pro_uuid:8ec27d3b-db28-49ac-b1ce-16dee1844f4d;name:小明;age:80', '"{\\"pro_uuid\\":\\"{pro_uuid}\\",\\"name\\":\\"{name}\\"}"', '{"ErroCode": null, "Msg": "Suc", "code": 1, "desc": {"age": "80", "name": "小明", "pro_uuid": "8ec27d3b-db28-49ac-b1ce-16dee1844f4d"}}', 'pass', '[]', datetime.datetime(2018, 12, 20, 14, 6, 7, 734500)]
2018-12-20 14:06:07 F:\zhy\development\verify_v2.04\libs\view_params_deal.py [line:911] {'result': [{'error_result': [], 'exec_time': '2018-12-20 14:06:04', 'id': 1, 'exec_result': 'pass'}, {'error_result': [], 'exec_time': '2018-12-20 14:06:07', 'id': 2, 'exec_result': 'pass'}, {'error_result': [], 'exec_time': '2018-12-20 14:06:07', 'id': 3, 'exec_result': 'pass'}], 'project_version': 'V0.1', 'msg': 'suc', 'code': 1, 'uuid': '"639350e7-5226-444a-b2ba-139fe7211453"', 'project_name': 'httpbin'}
2018-12-20 14:06:07 F:\zhy\development\env_work\lib\site-packages\werkzeug\_internal.py [line:88] 127.0.0.1 - - [20/Dec/2018 14:06:07] "POST /user/api/push_v1 HTTP/1.1" 200 -
